<?xml version="1.0" encoding="UTF-8"?>
<coverage generated="1658691201416" clover="3.2.0">
  <project timestamp="1658691201416" name="All files">
    <metrics statements="27" coveredstatements="21" conditionals="8" coveredconditionals="8" methods="7" coveredmethods="6" elements="42" coveredelements="35" complexity="0" loc="27" ncloc="27" packages="1" files="1" classes="1"/>
    <file name="LinkedList.js" path="/Users/isidromolina/projects/linked_list_practice/LinkedList.js">
      <metrics statements="27" coveredstatements="21" conditionals="8" coveredconditionals="8" methods="7" coveredmethods="6"/>
      <line num="3" count="9" type="stmt"/>
      <line num="8" count="23" type="stmt"/>
      <line num="9" count="23" type="stmt"/>
      <line num="10" count="23" type="stmt"/>
      <line num="14" count="8" type="cond" truecount="4" falsecount="0"/>
      <line num="16" count="4" type="stmt"/>
      <line num="18" count="4" type="stmt"/>
      <line num="19" count="5" type="stmt"/>
      <line num="21" count="4" type="stmt"/>
      <line num="25" count="4" type="cond" truecount="2" falsecount="0"/>
      <line num="27" count="3" type="stmt"/>
      <line num="28" count="3" type="cond" truecount="2" falsecount="0"/>
      <line num="30" count="1" type="stmt"/>
      <line num="31" count="1" type="stmt"/>
      <line num="35" count="0" type="stmt"/>
      <line num="36" count="0" type="stmt"/>
      <line num="38" count="0" type="stmt"/>
      <line num="39" count="0" type="stmt"/>
      <line num="40" count="0" type="stmt"/>
      <line num="42" count="0" type="stmt"/>
      <line num="48" count="24" type="stmt"/>
      <line num="55" count="1" type="stmt"/>
      <line num="56" count="8" type="stmt"/>
      <line num="57" count="8" type="stmt"/>
      <line num="58" count="20" type="stmt"/>
      <line num="60" count="8" type="stmt"/>
      <line num="63" count="1" type="stmt"/>
    </file>
  </project>
</coverage>
