<?xml version="1.0" encoding="UTF-8"?>
<coverage generated="1658693680027" clover="3.2.0">
  <project timestamp="1658693680027" name="All files">
    <metrics statements="34" coveredstatements="28" conditionals="12" coveredconditionals="12" methods="9" coveredmethods="8" elements="55" coveredelements="48" complexity="0" loc="34" ncloc="34" packages="1" files="1" classes="1"/>
    <file name="LinkedList.js" path="/Users/isidromolina/projects/linked_list_practice/LinkedList.js">
      <metrics statements="34" coveredstatements="28" conditionals="12" coveredconditionals="12" methods="9" coveredmethods="8"/>
      <line num="3" count="14" type="stmt"/>
      <line num="8" count="37" type="stmt"/>
      <line num="9" count="37" type="stmt"/>
      <line num="10" count="37" type="stmt"/>
      <line num="14" count="12" type="cond" truecount="4" falsecount="0"/>
      <line num="16" count="6" type="stmt"/>
      <line num="18" count="6" type="stmt"/>
      <line num="19" count="7" type="stmt"/>
      <line num="21" count="6" type="stmt"/>
      <line num="25" count="4" type="cond" truecount="2" falsecount="0"/>
      <line num="27" count="3" type="stmt"/>
      <line num="28" count="3" type="cond" truecount="2" falsecount="0"/>
      <line num="30" count="1" type="stmt"/>
      <line num="31" count="1" type="stmt"/>
      <line num="35" count="2" type="stmt"/>
      <line num="36" count="2" type="stmt"/>
      <line num="40" count="4" type="cond" truecount="2" falsecount="0"/>
      <line num="42" count="3" type="stmt"/>
      <line num="43" count="3" type="cond" truecount="2" falsecount="0"/>
      <line num="45" count="1" type="stmt"/>
      <line num="46" count="1" type="stmt"/>
      <line num="50" count="0" type="stmt"/>
      <line num="51" count="0" type="stmt"/>
      <line num="53" count="0" type="stmt"/>
      <line num="54" count="0" type="stmt"/>
      <line num="55" count="0" type="stmt"/>
      <line num="57" count="0" type="stmt"/>
      <line num="63" count="38" type="stmt"/>
      <line num="70" count="1" type="stmt"/>
      <line num="71" count="13" type="stmt"/>
      <line num="72" count="13" type="stmt"/>
      <line num="73" count="34" type="stmt"/>
      <line num="75" count="13" type="stmt"/>
      <line num="78" count="1" type="stmt"/>
    </file>
  </project>
</coverage>
