{"/Users/isidromolina/projects/linked_list_practice/LinkedList.js": {"path":"/Users/isidromolina/projects/linked_list_practice/LinkedList.js","statementMap":{"0":{"start":{"line":3,"column":8},"end":{"line":4,"column":23}},"1":{"start":{"line":8,"column":24},"end":{"line":8,"column":49}},"2":{"start":{"line":9,"column":8},"end":{"line":9,"column":27}},"3":{"start":{"line":10,"column":8},"end":{"line":10,"column":21}},"4":{"start":{"line":14,"column":8},"end":{"line":14,"column":58}},"5":{"start":{"line":14,"column":46},"end":{"line":14,"column":58}},"6":{"start":{"line":16,"column":22},"end":{"line":16,"column":31}},"7":{"start":{"line":18,"column":8},"end":{"line":20,"column":9}},"8":{"start":{"line":18,"column":20},"end":{"line":18,"column":21}},"9":{"start":{"line":19,"column":12},"end":{"line":19,"column":35}},"10":{"start":{"line":21,"column":8},"end":{"line":21,"column":23}},"11":{"start":{"line":25,"column":8},"end":{"line":25,"column":55}},"12":{"start":{"line":25,"column":24},"end":{"line":25,"column":55}},"13":{"start":{"line":27,"column":21},"end":{"line":27,"column":47}},"14":{"start":{"line":28,"column":8},"end":{"line":28,"column":36}},"15":{"start":{"line":28,"column":25},"end":{"line":28,"column":36}},"16":{"start":{"line":30,"column":8},"end":{"line":30,"column":46}},"17":{"start":{"line":31,"column":8},"end":{"line":31,"column":21}},"18":{"start":{"line":35,"column":8},"end":{"line":35,"column":34}},"19":{"start":{"line":36,"column":8},"end":{"line":36,"column":21}},"20":{"start":{"line":40,"column":8},"end":{"line":40,"column":48}},"21":{"start":{"line":40,"column":24},"end":{"line":40,"column":48}},"22":{"start":{"line":42,"column":21},"end":{"line":42,"column":47}},"23":{"start":{"line":43,"column":8},"end":{"line":43,"column":36}},"24":{"start":{"line":43,"column":25},"end":{"line":43,"column":36}},"25":{"start":{"line":45,"column":8},"end":{"line":45,"column":34}},"26":{"start":{"line":46,"column":8},"end":{"line":46,"column":21}},"27":{"start":{"line":50,"column":21},"end":{"line":50,"column":23}},"28":{"start":{"line":51,"column":22},"end":{"line":51,"column":31}},"29":{"start":{"line":53,"column":8},"end":{"line":56,"column":9}},"30":{"start":{"line":54,"column":12},"end":{"line":54,"column":52}},"31":{"start":{"line":55,"column":12},"end":{"line":55,"column":34}},"32":{"start":{"line":57,"column":8},"end":{"line":57,"column":36}},"33":{"start":{"line":63,"column":8},"end":{"line":64,"column":24}},"34":{"start":{"line":70,"column":0},"end":{"line":76,"column":1}},"35":{"start":{"line":71,"column":15},"end":{"line":71,"column":31}},"36":{"start":{"line":72,"column":4},"end":{"line":74,"column":5}},"37":{"start":{"line":72,"column":16},"end":{"line":72,"column":33}},"38":{"start":{"line":73,"column":8},"end":{"line":73,"column":34}},"39":{"start":{"line":75,"column":4},"end":{"line":75,"column":14}},"40":{"start":{"line":78,"column":0},"end":{"line":78,"column":28}}},"fnMap":{"0":{"name":"(anonymous_0)","decl":{"start":{"line":2,"column":4},"end":{"line":2,"column":5}},"loc":{"start":{"line":2,"column":18},"end":{"line":5,"column":5}},"line":2},"1":{"name":"(anonymous_1)","decl":{"start":{"line":7,"column":4},"end":{"line":7,"column":5}},"loc":{"start":{"line":7,"column":22},"end":{"line":11,"column":5}},"line":7},"2":{"name":"(anonymous_2)","decl":{"start":{"line":13,"column":4},"end":{"line":13,"column":5}},"loc":{"start":{"line":13,"column":21},"end":{"line":22,"column":5}},"line":13},"3":{"name":"(anonymous_3)","decl":{"start":{"line":24,"column":4},"end":{"line":24,"column":5}},"loc":{"start":{"line":24,"column":31},"end":{"line":32,"column":5}},"line":24},"4":{"name":"(anonymous_4)","decl":{"start":{"line":34,"column":4},"end":{"line":34,"column":5}},"loc":{"start":{"line":34,"column":16},"end":{"line":37,"column":5}},"line":34},"5":{"name":"(anonymous_5)","decl":{"start":{"line":39,"column":4},"end":{"line":39,"column":5}},"loc":{"start":{"line":39,"column":24},"end":{"line":47,"column":5}},"line":39},"6":{"name":"(anonymous_6)","decl":{"start":{"line":49,"column":4},"end":{"line":49,"column":5}},"loc":{"start":{"line":49,"column":12},"end":{"line":58,"column":5}},"line":49},"7":{"name":"(anonymous_7)","decl":{"start":{"line":62,"column":4},"end":{"line":62,"column":5}},"loc":{"start":{"line":62,"column":29},"end":{"line":65,"column":5}},"line":62},"8":{"name":"(anonymous_8)","decl":{"start":{"line":70,"column":24},"end":{"line":70,"column":25}},"loc":{"start":{"line":70,"column":44},"end":{"line":76,"column":1}},"line":70}},"branchMap":{"0":{"loc":{"start":{"line":14,"column":8},"end":{"line":14,"column":58}},"type":"if","locations":[{"start":{"line":14,"column":8},"end":{"line":14,"column":58}},{"start":{},"end":{}}],"line":14},"1":{"loc":{"start":{"line":14,"column":11},"end":{"line":14,"column":44}},"type":"binary-expr","locations":[{"start":{"line":14,"column":11},"end":{"line":14,"column":20}},{"start":{"line":14,"column":24},"end":{"line":14,"column":44}}],"line":14},"2":{"loc":{"start":{"line":25,"column":8},"end":{"line":25,"column":55}},"type":"if","locations":[{"start":{"line":25,"column":8},"end":{"line":25,"column":55}},{"start":{},"end":{}}],"line":25},"3":{"loc":{"start":{"line":28,"column":8},"end":{"line":28,"column":36}},"type":"if","locations":[{"start":{"line":28,"column":8},"end":{"line":28,"column":36}},{"start":{},"end":{}}],"line":28},"4":{"loc":{"start":{"line":40,"column":8},"end":{"line":40,"column":48}},"type":"if","locations":[{"start":{"line":40,"column":8},"end":{"line":40,"column":48}},{"start":{},"end":{}}],"line":40},"5":{"loc":{"start":{"line":43,"column":8},"end":{"line":43,"column":36}},"type":"if","locations":[{"start":{"line":43,"column":8},"end":{"line":43,"column":36}},{"start":{},"end":{}}],"line":43}},"s":{"0":14,"1":37,"2":37,"3":37,"4":12,"5":6,"6":6,"7":6,"8":6,"9":7,"10":6,"11":4,"12":1,"13":3,"14":3,"15":2,"16":1,"17":1,"18":2,"19":2,"20":4,"21":1,"22":3,"23":3,"24":2,"25":1,"26":1,"27":0,"28":0,"29":0,"30":0,"31":0,"32":0,"33":38,"34":1,"35":13,"36":13,"37":13,"38":34,"39":13,"40":1},"f":{"0":14,"1":37,"2":12,"3":4,"4":2,"5":4,"6":0,"7":38,"8":13},"b":{"0":[6,6],"1":[12,8],"2":[1,3],"3":[2,1],"4":[1,3],"5":[2,1]},"_coverageSchema":"1a1c01bbd47fc00a2c39e90264f33305004495a9","hash":"32277d54967dbd00e7b4bbda42ee5462b2256248"}
}
