TN:
SF:LinkedList.js
FN:2,(anonymous_0)
FN:7,(anonymous_1)
FN:13,(anonymous_2)
FN:24,(anonymous_3)
FN:34,(anonymous_4)
FN:39,(anonymous_5)
FN:49,(anonymous_6)
FN:62,(anonymous_7)
FN:70,(anonymous_8)
FNF:9
FNH:8
FNDA:14,(anonymous_0)
FNDA:37,(anonymous_1)
FNDA:12,(anonymous_2)
FNDA:4,(anonymous_3)
FNDA:2,(anonymous_4)
FNDA:4,(anonymous_5)
FNDA:0,(anonymous_6)
FNDA:38,(anonymous_7)
FNDA:13,(anonymous_8)
DA:3,14
DA:8,37
DA:9,37
DA:10,37
DA:14,12
DA:16,6
DA:18,6
DA:19,7
DA:21,6
DA:25,4
DA:27,3
DA:28,3
DA:30,1
DA:31,1
DA:35,2
DA:36,2
DA:40,4
DA:42,3
DA:43,3
DA:45,1
DA:46,1
DA:50,0
DA:51,0
DA:53,0
DA:54,0
DA:55,0
DA:57,0
DA:63,38
DA:70,1
DA:71,13
DA:72,13
DA:73,34
DA:75,13
DA:78,1
LF:34
LH:28
BRDA:14,0,0,6
BRDA:14,0,1,6
BRDA:14,1,0,12
BRDA:14,1,1,8
BRDA:25,2,0,1
BRDA:25,2,1,3
BRDA:28,3,0,2
BRDA:28,3,1,1
BRDA:40,4,0,1
BRDA:40,4,1,3
BRDA:43,5,0,2
BRDA:43,5,1,1
BRF:12
BRH:12
end_of_record
