TN:
SF:LinkedList.js
FN:2,(anonymous_0)
FN:7,(anonymous_1)
FN:13,(anonymous_2)
FN:24,(anonymous_3)
FN:34,(anonymous_4)
FN:47,(anonymous_5)
FN:55,(anonymous_6)
FNF:7
FNH:6
FNDA:9,(anonymous_0)
FNDA:23,(anonymous_1)
FNDA:8,(anonymous_2)
FNDA:4,(anonymous_3)
FNDA:0,(anonymous_4)
FNDA:24,(anonymous_5)
FNDA:8,(anonymous_6)
DA:3,9
DA:8,23
DA:9,23
DA:10,23
DA:14,8
DA:16,4
DA:18,4
DA:19,5
DA:21,4
DA:25,4
DA:27,3
DA:28,3
DA:30,1
DA:31,1
DA:35,0
DA:36,0
DA:38,0
DA:39,0
DA:40,0
DA:42,0
DA:48,24
DA:55,1
DA:56,8
DA:57,8
DA:58,20
DA:60,8
DA:63,1
LF:27
LH:21
BRDA:14,0,0,4
BRDA:14,0,1,4
BRDA:14,1,0,8
BRDA:14,1,1,6
BRDA:25,2,0,1
BRDA:25,2,1,3
BRDA:28,3,0,2
BRDA:28,3,1,1
BRF:8
BRH:8
end_of_record
